<?xml version="1.0" encoding="UTF-8"?>
<!-- Generated by org.testng.reporters.JUnitReportReporter -->
<testsuite hostname="DESKTOP-RHAVO5R" failures="0" tests="1" name="restassuredcucumberstyle.FileUploadDownload" time="4.731" errors="0" timestamp="2023-07-13T14:52:48 IST" skipped="0">
  <testcase classname="restassuredcucumberstyle.FileUploadDownload" name="singleFileUpload" time="4.731"/>
  <system-out/>
</testsuite> <!-- restassuredcucumberstyle.FileUploadDownload -->
