<?xml version="1.0" encoding="UTF-8"?>
<!-- Generated by org.testng.reporters.JUnitReportReporter -->
<testsuite skipped="0" hostname="Raghib-Laptop" name="restassuredcucumberstyle.CookieClass" tests="1" failures="0" timestamp="2023-01-17T00:32:49 IST" time="3.065" errors="0">
  <testcase name="getAllCookies" time="3.065" classname="restassuredcucumberstyle.CookieClass"/>
  <system-out/>
</testsuite> <!-- restassuredcucumberstyle.CookieClass -->
