<?xml version="1.0" encoding="UTF-8"?>
<!-- Generated by org.testng.reporters.JUnitReportReporter -->
<testsuite skipped="0" hostname="Raghib-Laptop" name="RestAssuredGetRequestCucumberStyle.RestAssuredGetRequestCucumberStyle.GetRequestClass" tests="1" failures="0" timestamp="2023-01-16T11:06:29 IST" time="6.833" errors="0">
  <testcase name="performGetRequest" time="6.833" classname="RestAssuredGetRequestCucumberStyle.RestAssuredGetRequestCucumberStyle.GetRequestClass"/>
  <system-out/>
</testsuite> <!-- RestAssuredGetRequestCucumberStyle.RestAssuredGetRequestCucumberStyle.GetRequestClass -->
