<?xml version="1.0" encoding="UTF-8"?>
<!-- Generated by org.testng.reporters.JUnitReportReporter -->
<testsuite skipped="0" hostname="Raghib-Laptop" name="restassuredcucumberstyle.ValidateResponseBody" tests="3" failures="0" timestamp="2023-01-21T14:49:05 IST" time="3.638" errors="0">
  <testcase name="testJSONResponseBody2" time="3.460" classname="restassuredcucumberstyle.ValidateResponseBody"/>
  <system-out/>
  <testcase name="testJSONResponseBody3" time="0.082" classname="restassuredcucumberstyle.ValidateResponseBody"/>
  <system-out/>
  <testcase name="testJSONResponseBody4" time="0.096" classname="restassuredcucumberstyle.ValidateResponseBody"/>
  <system-out/>
</testsuite> <!-- restassuredcucumberstyle.ValidateResponseBody -->
