<?xml version="1.0" encoding="UTF-8"?>
<!-- Generated by org.testng.reporters.JUnitReportReporter -->
<testsuite skipped="0" hostname="Raghib-Laptop" name="restassuredcucumberstyle.ValidateXMLResponseBody" tests="1" failures="0" timestamp="2023-01-21T21:25:15 IST" time="3.830" errors="0">
  <testcase name="testXMLResponse3" time="3.830" classname="restassuredcucumberstyle.ValidateXMLResponseBody"/>
  <system-out/>
</testsuite> <!-- restassuredcucumberstyle.ValidateXMLResponseBody -->
