<?xml version="1.0" encoding="UTF-8"?>
<!-- Generated by org.testng.reporters.JUnitReportReporter -->
<testsuite hostname="DESKTOP-RHAVO5R" failures="0" tests="1" name="restassuredcucumberstyle.PathAndQueryParameters" time="6.180" errors="0" timestamp="2023-07-13T14:39:50 IST" skipped="0">
  <testcase classname="restassuredcucumberstyle.PathAndQueryParameters" name="testParameters" time="6.180"/>
  <system-out/>
</testsuite> <!-- restassuredcucumberstyle.PathAndQueryParameters -->
