<?xml version="1.0" encoding="UTF-8"?>
<!-- Generated by org.testng.reporters.JUnitReportReporter -->
<testsuite hostname="DESKTOP-RHAVO5R" failures="0" tests="5" name="restassuredcucumberstyle.HttpRequestClass" time="7.246" errors="0" timestamp="2023-07-13T14:39:31 IST" skipped="0">
  <testcase classname="restassuredcucumberstyle.HttpRequestClass" name="performGetAllRequest" time="4.767"/>
  <system-out/>
  <testcase classname="restassuredcucumberstyle.HttpRequestClass" name="performGetRequest" time="0.209"/>
  <system-out/>
  <testcase classname="restassuredcucumberstyle.HttpRequestClass" name="performPostRequest1" time="1.144"/>
  <system-out/>
  <testcase classname="restassuredcucumberstyle.HttpRequestClass" name="performPutRequest" time="0.576"/>
  <system-out/>
  <testcase classname="restassuredcucumberstyle.HttpRequestClass" name="performDeleteRequest" time="0.550"/>
  <system-out/>
</testsuite> <!-- restassuredcucumberstyle.HttpRequestClass -->
