<?xml version="1.0" encoding="UTF-8"?>
<!-- Generated by org.testng.reporters.JUnitReportReporter -->
<testsuite hostname="DESKTOP-RHAVO5R" failures="0" tests="1" name="restassuredcucumberstyle.ValidateXMLResponseBody" time="3.696" errors="0" timestamp="2023-07-13T14:47:36 IST" skipped="0">
  <testcase classname="restassuredcucumberstyle.ValidateXMLResponseBody" name="testXMLResponse3" time="3.696"/>
  <system-out/>
</testsuite> <!-- restassuredcucumberstyle.ValidateXMLResponseBody -->
