<?xml version="1.0" encoding="UTF-8"?>
<!-- Generated by org.testng.reporters.JUnitReportReporter -->
<testsuite skipped="0" hostname="Raghib-Laptop" name="RestAssuredGetRequestCucumberStyle.RestAssuredGetRequestCucumberStyle.HttpRequestClass" tests="5" failures="0" timestamp="2023-01-16T13:39:17 IST" time="6.994" errors="0">
  <testcase name="performGetAllRequest" time="4.095" classname="RestAssuredGetRequestCucumberStyle.RestAssuredGetRequestCucumberStyle.HttpRequestClass"/>
  <system-out/>
  <testcase name="performGetRequest" time="0.241" classname="RestAssuredGetRequestCucumberStyle.RestAssuredGetRequestCucumberStyle.HttpRequestClass"/>
  <system-out/>
  <testcase name="performPostRequest1" time="1.415" classname="RestAssuredGetRequestCucumberStyle.RestAssuredGetRequestCucumberStyle.HttpRequestClass"/>
  <system-out/>
  <testcase name="performPutRequest" time="0.621" classname="RestAssuredGetRequestCucumberStyle.RestAssuredGetRequestCucumberStyle.HttpRequestClass"/>
  <system-out/>
  <testcase name="performDeleteRequest" time="0.622" classname="RestAssuredGetRequestCucumberStyle.RestAssuredGetRequestCucumberStyle.HttpRequestClass"/>
  <system-out/>
</testsuite> <!-- RestAssuredGetRequestCucumberStyle.RestAssuredGetRequestCucumberStyle.HttpRequestClass -->
