<?xml version="1.0" encoding="UTF-8"?>
<!-- Generated by org.testng.reporters.JUnitReportReporter -->
<testsuite skipped="0" hostname="Raghib-Laptop" name="restassuredcucumberstyle.HeaderClass" tests="1" failures="0" timestamp="2023-01-17T00:44:53 IST" time="3.072" errors="0">
  <testcase name="getAllHeaders" time="3.072" classname="restassuredcucumberstyle.HeaderClass"/>
  <system-out/>
</testsuite> <!-- restassuredcucumberstyle.HeaderClass -->
