<?xml version="1.0" encoding="UTF-8"?>
<!-- Generated by org.testng.reporters.JUnitReportReporter -->
<testsuite skipped="0" hostname="Raghib-Laptop" name="restassuredcucumberstyle.PostRequestPayload" tests="1" failures="0" timestamp="2023-01-16T21:22:46 IST" time="4.154" errors="0">
  <testcase name="testPostRequestUsingexternalJsonFileData1" time="4.154" classname="restassuredcucumberstyle.PostRequestPayload"/>
  <system-out/>
</testsuite> <!-- restassuredcucumberstyle.PostRequestPayload -->
