<?xml version="1.0" encoding="UTF-8"?>
<!-- Generated by org.testng.reporters.JUnitReportReporter -->
<testsuite skipped="0" hostname="Raghib-Laptop" name="restassuredcucumberstyle.FileUploaddDownload" tests="1" failures="0" timestamp="2023-01-21T23:04:51 IST" time="5.364" errors="0">
  <testcase name="singleFileUpload" time="5.364" classname="restassuredcucumberstyle.FileUploaddDownload"/>
  <system-out/>
</testsuite> <!-- restassuredcucumberstyle.FileUploaddDownload -->
