<?xml version="1.0" encoding="UTF-8"?>
<!-- Generated by org.testng.reporters.JUnitReportReporter -->
<testsuite skipped="0" hostname="Raghib-Laptop" name="restassuredcucumberstyle.PathAndQueryParameters" tests="1" failures="0" timestamp="2023-01-17T00:09:11 IST" time="6.595" errors="0">
  <testcase name="testParameters" time="6.595" classname="restassuredcucumberstyle.PathAndQueryParameters"/>
  <system-out/>
</testsuite> <!-- restassuredcucumberstyle.PathAndQueryParameters -->
