<?xml version="1.0" encoding="UTF-8"?>
<!-- Generated by org.testng.reporters.JUnitReportReporter -->
<testsuite hostname="DESKTOP-RHAVO5R" failures="0" tests="1" name="restassuredcucumberstyle.CookieClass" time="2.924" errors="0" timestamp="2023-07-13T14:26:25 IST" skipped="0">
  <testcase classname="restassuredcucumberstyle.CookieClass" name="getAllCookies" time="2.924"/>
  <system-out/>
</testsuite> <!-- restassuredcucumberstyle.CookieClass -->
