<?xml version="1.0" encoding="UTF-8"?>
<!-- Generated by org.testng.reporters.JUnitReportReporter -->
<testsuite hostname="DESKTOP-RHAVO5R" failures="0" tests="1" name="restassuredcucumberstyle.HeaderClass" time="3.001" errors="0" timestamp="2023-07-13T14:39:08 IST" skipped="0">
  <testcase classname="restassuredcucumberstyle.HeaderClass" name="getAllHeaders" time="3.001"/>
  <system-out/>
</testsuite> <!-- restassuredcucumberstyle.HeaderClass -->
